[INFO] [Setting] EXP: False
[INFO] [Setting] DEBUG: False
[INFO] [Setting] Method: att-gru
[INFO] [Setting] model_input_data_path: ./data/data_csn_voc1000_funcomformat_200218/standard_data.pkl
[INFO] [Setting] GPU id: 1
[INFO] [Setting] num_epochs: 10
[INFO] [Setting] batch_size: 128
[INFO] [Setting] code_token_emb_dim: 128
[INFO] [Setting] sbt_token_emb_dim: 128
[INFO] [Setting] summary_token_emb_dim: 128
[INFO] [Setting] rnn_hidden_size: 128
[INFO] [Setting] lr: 0.001000
[INFO] [Setting] num_epochs: 10
[INFO] [Setting] num_subprocesses: 4
[INFO] [Setting] eval_frequency: 1
[INFO] [Setting] output_model_path: ./output/csn_allvocab_attgru_200218.model
[INFO] [Setting] device: cuda
[INFO] Finish Preparation 14.22 secs [Total 14.22 secs]
[INFO] code_vocab_size 1000, sbt_vocab_size -1, summary_vocab_size 1000
[INFO] train 454451, test 15328, valid 26909
[INFO] Epoch 1: Train Loss: 3.205, 527.67 secs [Total 541.89 secs]
[INFO] for 26880 functions
Ba 2.85
B1 13.07
B2 3.06
B3 1.49
B4 1.12

[INFO] Epoch 2: Train Loss: 2.755, 520.13 secs [Total 1095.33 secs]
[INFO] for 26880 functions
Ba 2.16
B1 7.18
B2 2.28
B3 1.28
B4 1.04

[INFO] Epoch 3: Train Loss: 2.643, 520.01 secs [Total 1644.17 secs]
[INFO] for 26880 functions
Ba 1.87
B1 5.7
B2 1.99
B3 1.15
B4 0.95

[INFO] Epoch 4: Train Loss: 2.587, 523.46 secs [Total 2196.02 secs]
[INFO] for 26880 functions
Ba 3.66
B1 13.33
B2 4.02
B3 2.1
B4 1.6

[INFO] Epoch 5: Train Loss: 2.551, 529.03 secs [Total 2756.79 secs]
[INFO] for 26880 functions
Ba 4.56
B1 15.07
B2 4.91
B3 2.74
B4 2.13

[INFO] Epoch 6: Train Loss: 2.525, 521.78 secs [Total 3309.55 secs]
[INFO] for 26880 functions
Ba 3.82
B1 13.72
B2 4.31
B3 2.21
B4 1.64

[INFO] Epoch 7: Train Loss: 2.505, 527.32 secs [Total 3867.67 secs]
[INFO] for 26880 functions
Ba 3.67
B1 12.38
B2 4.04
B3 2.17
B4 1.67

[INFO] Epoch 8: Train Loss: 2.488, 521.16 secs [Total 4418.95 secs]
[INFO] for 26880 functions
Ba 3.57
B1 11.87
B2 3.96
B3 2.13
B4 1.62

[INFO] Epoch 9: Train Loss: 2.475, 523.19 secs [Total 4973.14 secs]
[INFO] for 26880 functions
Ba 4.93
B1 19.29
B2 5.63
B3 2.77
B4 1.97

[INFO] Epoch 10: Train Loss: 2.463, 534.86 secs [Total 5540.70 secs]
[INFO] for 26880 functions
Ba 4.55
B1 16.65
B2 5.08
B3 2.62
B4 1.94

[INFO] Output Model to ./output/csn_allvocab_attgru_200218.model
