[INFO] [Setting] EXP: False
[INFO] [Setting] DEBUG: False
[INFO] [Setting] Method: ast-att-gru
[INFO] [Setting] model_input_data_path: ./data_leclair/standard_data.pkl
[INFO] [Setting] GPU id: 3
[INFO] [Setting] num_epochs: 10
[INFO] [Setting] batch_size: 200
[INFO] [Setting] code_token_emb_dim: 100
[INFO] [Setting] sbt_token_emb_dim: 10
[INFO] [Setting] summary_tolem_emb_dim: 100
[INFO] [Setting] rnn_hidden_size: 256
[INFO] [Setting] lr: 0.001000
[INFO] [Setting] num_epochs: 10
[INFO] [Setting] num_subprocesses: 4
[INFO] [Setting] eval_frequency: 1
[INFO] [Setting] device: cuda
[INFO] Finish Preparation 41.66 secs [Total 41.66 secs]
[INFO] token_vocab_size 50000, sbt_vocab_size 50000, summary_vocab_size 44707
[INFO] train 1954807, test 104273, valid 90908
[INFO] Epoch 1: Train Loss: 3.484, 2972.12 secs [Total 3013.78 secs]
[INFO] for 90800 functions
Ba 17.1
B1 36.77
B2 19.7
B3 12.65
B4 9.34

[INFO] Epoch 2: Train Loss: 2.820, 2750.71 secs [Total 5929.10 secs]
[INFO] for 90800 functions
Ba 18.27
B1 38.74
B2 20.98
B3 13.58
B4 10.09

[INFO] Epoch 3: Train Loss: 2.637, 2734.41 secs [Total 8817.20 secs]
[INFO] for 90800 functions
Ba 18.87
B1 39.38
B2 21.6
B3 14.14
B4 10.54

[INFO] Epoch 4: Train Loss: 2.535, 2730.03 secs [Total 11704.76 secs]
[INFO] for 90800 functions
Ba 19.15
B1 39.31
B2 21.81
B3 14.4
B4 10.88

[INFO] Epoch 5: Train Loss: 2.466, 2730.66 secs [Total 14587.60 secs]
[INFO] for 90800 functions
Ba 18.75
B1 39.48
B2 21.52
B3 13.97
B4 10.42

[INFO] Epoch 6: Train Loss: 2.415, 2768.70 secs [Total 17519.39 secs]
[INFO] for 90800 functions
Ba 19.18
B1 39.2
B2 21.75
B3 14.46
B4 10.99

[INFO] Epoch 7: Train Loss: 2.373, 2765.25 secs [Total 20451.07 secs]
[INFO] for 90800 functions
Ba 19.3
B1 39.3
B2 21.94
B3 14.57
B4 11.05

[INFO] Epoch 8: Train Loss: 2.339, 2750.39 secs [Total 23364.84 secs]
[INFO] for 90800 functions
Ba 19.37
B1 39.72
B2 22.05
B3 14.59
B4 11.0

[INFO] Epoch 9: Train Loss: 2.310, 2696.30 secs [Total 26222.89 secs]
[INFO] for 90800 functions
Ba 19.64
B1 40.22
B2 22.34
B3 14.81
B4 11.18

[INFO] Epoch 10: Train Loss: 2.285, 2463.34 secs [Total 28810.22 secs]
[INFO] for 90800 functions
Ba 19.54
B1 39.53
B2 22.2
B3 14.81
B4 11.22

