[INFO] [Setting] EXP: False
[INFO] [Setting] DEBUG: False
[INFO] [Setting] Method: att-gru
[INFO] [Setting] in_path: /mnt/data/data_csn_allvoc_d100_c13/standard_data.pkl
[INFO] [Setting] GPU id: 0
[INFO] [Setting] num_epochs: 10
[INFO] [Setting] batch_size: 256
[INFO] [Setting] code_dim: 128
[INFO] [Setting] sbt_dim: 1
[INFO] [Setting] summary_dim: 256
[INFO] [Setting] rnn_hidden_size: 256
[INFO] [Setting] lr: 0.010000
[INFO] [Setting] num_epochs: 10
[INFO] [Setting] num_subprocesses: 4
[INFO] [Setting] eval_frequency: 1
[INFO] [Setting] out_path: data_csn_voc1000_d100_c13_128_tdim_128_cdim_128_rdim_256_lr_0.001
[INFO] [Setting] device: cuda
[INFO] Finish Preparation 7.27 secs [Total 7.27 secs]
[INFO] code_vocab_size 103860, sbt_vocab_size -1, summary_vocab_size 41999
[INFO] train 454451, test 15328, valid 26909
[INFO] Epoch 1: Train Loss: 4.282, 306.30 secs [Total 313.56 secs]
[INFO] for 26880 functions
Ba 4.55
B1 18.08
B2 5.07
B3 2.4
B4 1.94

[INFO] Epoch 2: Train Loss: 3.874, 308.79 secs [Total 647.20 secs]
[INFO] for 26880 functions
Ba 4.88
B1 19.94
B2 5.48
B3 2.58
B4 2.01

[INFO] Epoch 3: Train Loss: 3.798, 307.00 secs [Total 979.50 secs]
[INFO] for 26880 functions
Ba 4.67
B1 19.46
B2 5.21
B3 2.41
B4 1.94

[INFO] Epoch 4: Train Loss: 3.774, 306.28 secs [Total 1310.36 secs]
[INFO] for 26880 functions
Ba 4.97
B1 19.56
B2 5.33
B3 2.66
B4 2.21

[INFO] Epoch 5: Train Loss: 3.756, 306.01 secs [Total 1640.13 secs]
[INFO] for 26880 functions
Ba 4.62
B1 18.88
B2 5.22
B3 2.4
B4 1.92

[INFO] Epoch 6: Train Loss: 3.754, 306.89 secs [Total 1971.32 secs]
[INFO] for 26880 functions
Ba 4.59
B1 19.14
B2 5.12
B3 2.38
B4 1.9

[INFO] Epoch 7: Train Loss: 3.756, 307.33 secs [Total 2303.75 secs]
[INFO] for 26880 functions
Ba 5.05
B1 19.18
B2 5.45
B3 2.75
B4 2.27

[INFO] Epoch 8: Train Loss: 3.759, 305.97 secs [Total 2633.85 secs]
[INFO] for 26880 functions
Ba 4.77
B1 19.25
B2 5.33
B3 2.5
B4 2.01

[INFO] Epoch 9: Train Loss: 3.770, 306.76 secs [Total 2964.97 secs]
[INFO] for 26880 functions
Ba 4.63
B1 18.77
B2 5.06
B3 2.43
B4 1.98

[INFO] Epoch 10: Train Loss: 3.772, 307.52 secs [Total 3296.77 secs]
[INFO] for 26880 functions
Ba 4.67
B1 18.76
B2 5.09
B3 2.49
B4 2.01

[INFO] Output Model to data_csn_voc1000_d100_c13_128_tdim_128_cdim_128_rdim_256_lr_0.001
