[INFO] [Setting] EXP: False
[INFO] [Setting] DEBUG: False
[INFO] [Setting] Method: att-gru
[INFO] [Setting] in_path: /mnt/data/data_csn_voc1000_d100_c13/standard_data.pkl
[INFO] [Setting] GPU id: 0
[INFO] [Setting] num_epochs: 10
[INFO] [Setting] batch_size: 256
[INFO] [Setting] code_dim: 128
[INFO] [Setting] sbt_dim: 1
[INFO] [Setting] summary_dim: 128
[INFO] [Setting] rnn_hidden_size: 256
[INFO] [Setting] lr: 0.010000
[INFO] [Setting] num_epochs: 10
[INFO] [Setting] num_subprocesses: 4
[INFO] [Setting] eval_frequency: 1
[INFO] [Setting] out_path: data_csn_voc1000_d100_c13_128_tdim_128_cdim_128_rdim_256_lr_0.001
[INFO] [Setting] device: cuda
[INFO] Finish Preparation 6.98 secs [Total 6.98 secs]
[INFO] code_vocab_size 1000, sbt_vocab_size -1, summary_vocab_size 1000
[INFO] train 454451, test 15328, valid 26909
[INFO] Epoch 1: Train Loss: 3.134, 63.44 secs [Total 70.43 secs]
[INFO] for 26880 functions
Ba 4.43
B1 14.19
B2 4.59
B3 2.61
B4 2.27

[INFO] Epoch 2: Train Loss: 2.893, 63.61 secs [Total 144.90 secs]
[INFO] for 26880 functions
Ba 4.49
B1 13.65
B2 4.76
B3 2.7
B4 2.32

[INFO] Epoch 3: Train Loss: 2.898, 63.69 secs [Total 220.24 secs]
[INFO] for 26880 functions
Ba 4.09
B1 13.29
B2 4.33
B3 2.39
B4 2.03

[INFO] Epoch 4: Train Loss: 2.951, 63.58 secs [Total 294.69 secs]
[INFO] for 26880 functions
Ba 4.14
B1 12.86
B2 4.22
B3 2.48
B4 2.17

[INFO] Epoch 5: Train Loss: 2.982, 63.90 secs [Total 369.31 secs]
[INFO] for 26880 functions
Ba 1.62
B1 4.29
B2 1.66
B3 1.04
B4 0.92

[INFO] Epoch 6: Train Loss: 3.004, 64.17 secs [Total 443.17 secs]
[INFO] for 26880 functions
Ba 4.54
B1 14.73
B2 4.56
B3 2.65
B4 2.4

[INFO] Epoch 7: Train Loss: 3.009, 63.82 secs [Total 518.50 secs]
[INFO] for 26880 functions
Ba 5.24
B1 16.69
B2 5.31
B3 3.11
B4 2.74

[INFO] Epoch 8: Train Loss: 3.035, 63.54 secs [Total 593.33 secs]
[INFO] for 26880 functions
Ba 1.82
B1 4.96
B2 1.8
B3 1.15
B4 1.06

[INFO] Epoch 9: Train Loss: 3.065, 64.09 secs [Total 667.36 secs]
[INFO] for 26880 functions
Ba 3.02
B1 9.09
B2 3.05
B3 1.81
B4 1.65

[INFO] Epoch 10: Train Loss: 3.061, 64.05 secs [Total 741.95 secs]
[INFO] for 26880 functions
Ba 2.04
B1 6.03
B2 2.09
B3 1.23
B4 1.12

[INFO] Output Model to data_csn_voc1000_d100_c13_128_tdim_128_cdim_128_rdim_256_lr_0.001
