[INFO] [Setting] EXP: False
[INFO] [Setting] DEBUG: False
[INFO] [Setting] Method: att-gru
[INFO] [Setting] in_path: /mnt/data/data_csn_voc1000_d100_c13/standard_data.pkl
[INFO] [Setting] GPU id: 0
[INFO] [Setting] num_epochs: 10
[INFO] [Setting] batch_size: 256
[INFO] [Setting] code_dim: 128
[INFO] [Setting] sbt_dim: 1
[INFO] [Setting] summary_dim: 256
[INFO] [Setting] rnn_hidden_size: 256
[INFO] [Setting] lr: 0.010000
[INFO] [Setting] num_epochs: 10
[INFO] [Setting] num_subprocesses: 4
[INFO] [Setting] eval_frequency: 1
[INFO] [Setting] out_path: data_csn_voc1000_d100_c13_128_tdim_128_cdim_128_rdim_256_lr_0.001
[INFO] [Setting] device: cuda
[INFO] Finish Preparation 7.03 secs [Total 7.03 secs]
[INFO] code_vocab_size 1000, sbt_vocab_size -1, summary_vocab_size 1000
[INFO] train 454451, test 15328, valid 26909
[INFO] Epoch 1: Train Loss: 3.098, 62.45 secs [Total 69.48 secs]
[INFO] for 26880 functions
Ba 5.91
B1 20.02
B2 6.31
B3 3.37
B4 2.86

[INFO] Epoch 2: Train Loss: 2.864, 62.56 secs [Total 143.85 secs]
[INFO] for 26880 functions
Ba 5.02
B1 16.51
B2 5.21
B3 2.95
B4 2.51

[INFO] Epoch 3: Train Loss: 2.841, 61.72 secs [Total 217.42 secs]
[INFO] for 26880 functions
Ba 4.4
B1 13.68
B2 4.55
B3 2.65
B4 2.27

[INFO] Epoch 4: Train Loss: 2.830, 62.12 secs [Total 290.27 secs]
[INFO] for 26880 functions
Ba 5.66
B1 19.07
B2 6.23
B3 3.24
B4 2.66

[INFO] Epoch 5: Train Loss: 2.827, 61.99 secs [Total 363.66 secs]
[INFO] for 26880 functions
Ba 4.94
B1 16.23
B2 5.34
B3 2.89
B4 2.37

[INFO] Epoch 6: Train Loss: 2.829, 62.23 secs [Total 436.82 secs]
[INFO] for 26880 functions
Ba 4.85
B1 15.7
B2 4.99
B3 2.84
B4 2.48

[INFO] Epoch 7: Train Loss: 2.827, 62.39 secs [Total 510.71 secs]
[INFO] for 26880 functions
Ba 5.86
B1 20.41
B2 6.29
B3 3.33
B4 2.77

[INFO] Epoch 8: Train Loss: 2.827, 62.79 secs [Total 584.87 secs]
[INFO] for 26880 functions
Ba 5.76
B1 20.19
B2 6.35
B3 3.26
B4 2.64

[INFO] Epoch 9: Train Loss: 2.830, 61.88 secs [Total 658.25 secs]
[INFO] for 26880 functions
Ba 5.51
B1 18.88
B2 6.04
B3 3.14
B4 2.58

[INFO] Epoch 10: Train Loss: 2.831, 62.94 secs [Total 732.46 secs]
[INFO] for 26880 functions
Ba 6.05
B1 20.88
B2 6.59
B3 3.43
B4 2.83

[INFO] Output Model to data_csn_voc1000_d100_c13_128_tdim_128_cdim_128_rdim_256_lr_0.001
