[INFO] [Setting] EXP: False
[INFO] [Setting] DEBUG: False
[INFO] [Setting] Method: att-gru
[INFO] [Setting] in_path: /mnt/data/data_csn_allvoc_d100_c13/standard_data.pkl
[INFO] [Setting] GPU id: 0
[INFO] [Setting] num_epochs: 10
[INFO] [Setting] batch_size: 256
[INFO] [Setting] code_dim: 256
[INFO] [Setting] sbt_dim: 1
[INFO] [Setting] summary_dim: 128
[INFO] [Setting] rnn_hidden_size: 256
[INFO] [Setting] lr: 0.001000
[INFO] [Setting] num_epochs: 10
[INFO] [Setting] num_subprocesses: 4
[INFO] [Setting] eval_frequency: 1
[INFO] [Setting] out_path: data_csn_voc1000_d100_c13_128_tdim_128_cdim_128_rdim_256_lr_0.001
[INFO] [Setting] device: cuda
[INFO] Finish Preparation 7.31 secs [Total 7.31 secs]
[INFO] code_vocab_size 103860, sbt_vocab_size -1, summary_vocab_size 41999
[INFO] train 454451, test 15328, valid 26909
[INFO] Epoch 1: Train Loss: 4.286, 304.49 secs [Total 311.80 secs]
[INFO] for 26880 functions
Ba 5.62
B1 20.68
B2 6.53
B3 3.14
B4 2.36

[INFO] Epoch 2: Train Loss: 3.305, 306.01 secs [Total 642.60 secs]
[INFO] for 26880 functions
Ba 6.06
B1 22.94
B2 7.22
B3 3.42
B4 2.38

[INFO] Epoch 3: Train Loss: 2.933, 305.92 secs [Total 974.14 secs]
[INFO] for 26880 functions
Ba 6.38
B1 24.44
B2 7.76
B3 3.61
B4 2.43

[INFO] Epoch 4: Train Loss: 2.708, 306.85 secs [Total 1306.03 secs]
[INFO] for 26880 functions
Ba 6.68
B1 24.17
B2 7.97
B3 3.88
B4 2.66

[INFO] Epoch 5: Train Loss: 2.553, 305.20 secs [Total 1636.11 secs]
[INFO] for 26880 functions
Ba 6.62
B1 24.33
B2 7.9
B3 3.83
B4 2.61

[INFO] Epoch 6: Train Loss: 2.441, 306.56 secs [Total 1967.57 secs]
[INFO] for 26880 functions
Ba 6.44
B1 23.98
B2 7.73
B3 3.71
B4 2.5

[INFO] Epoch 7: Train Loss: 2.355, 305.35 secs [Total 2298.48 secs]
[INFO] for 26880 functions
Ba 6.54
B1 24.17
B2 7.76
B3 3.78
B4 2.58

[INFO] Epoch 8: Train Loss: 2.284, 304.62 secs [Total 2628.07 secs]
[INFO] for 26880 functions
Ba 6.65
B1 24.15
B2 7.85
B3 3.88
B4 2.66

[INFO] Epoch 9: Train Loss: 2.223, 305.61 secs [Total 2958.76 secs]
[INFO] for 26880 functions
Ba 6.55
B1 24.06
B2 7.76
B3 3.8
B4 2.59

[INFO] Epoch 10: Train Loss: 2.169, 306.44 secs [Total 3290.34 secs]
[INFO] for 26880 functions
Ba 6.68
B1 24.36
B2 7.87
B3 3.89
B4 2.67

[INFO] Output Model to data_csn_voc1000_d100_c13_128_tdim_128_cdim_128_rdim_256_lr_0.001
