[INFO] [Setting] EXP: False
[INFO] [Setting] DEBUG: False
[INFO] [Setting] Method: att-gru
[INFO] [Setting] in_path: /mnt/data/data_csn_voc1000_d100_c13/standard_data.pkl
[INFO] [Setting] GPU id: 0
[INFO] [Setting] num_epochs: 10
[INFO] [Setting] batch_size: 256
[INFO] [Setting] code_dim: 256
[INFO] [Setting] sbt_dim: 1
[INFO] [Setting] summary_dim: 256
[INFO] [Setting] rnn_hidden_size: 256
[INFO] [Setting] lr: 0.001000
[INFO] [Setting] num_epochs: 10
[INFO] [Setting] num_subprocesses: 4
[INFO] [Setting] eval_frequency: 1
[INFO] [Setting] out_path: data_csn_voc1000_d100_c13_128_tdim_128_cdim_128_rdim_256_lr_0.001
[INFO] [Setting] device: cuda
[INFO] Finish Preparation 7.10 secs [Total 7.10 secs]
[INFO] code_vocab_size 1000, sbt_vocab_size -1, summary_vocab_size 1000
[INFO] train 454451, test 15328, valid 26909
[INFO] Epoch 1: Train Loss: 3.053, 63.57 secs [Total 70.67 secs]
[INFO] for 26880 functions
Ba 7.18
B1 24.35
B2 8.12
B3 4.16
B4 3.22

[INFO] Epoch 2: Train Loss: 2.499, 64.06 secs [Total 147.01 secs]
[INFO] for 26880 functions
Ba 7.43
B1 24.17
B2 8.37
B3 4.45
B4 3.4

[INFO] Epoch 3: Train Loss: 2.364, 63.57 secs [Total 223.29 secs]
[INFO] for 26880 functions
Ba 8.51
B1 27.86
B2 9.65
B3 5.07
B4 3.85

[INFO] Epoch 4: Train Loss: 2.286, 64.16 secs [Total 300.01 secs]
[INFO] for 26880 functions
Ba 8.38
B1 27.78
B2 9.55
B3 4.97
B4 3.74

[INFO] Epoch 5: Train Loss: 2.232, 64.86 secs [Total 377.01 secs]
[INFO] for 26880 functions
Ba 8.38
B1 28.25
B2 9.57
B3 4.95
B4 3.69

[INFO] Epoch 6: Train Loss: 2.192, 64.94 secs [Total 455.05 secs]
[INFO] for 26880 functions
Ba 8.39
B1 27.34
B2 9.53
B3 5.02
B4 3.78

[INFO] Epoch 7: Train Loss: 2.159, 63.87 secs [Total 532.22 secs]
[INFO] for 26880 functions
Ba 8.11
B1 25.85
B2 9.18
B3 4.9
B4 3.72

[INFO] Epoch 8: Train Loss: 2.132, 64.90 secs [Total 609.32 secs]
[INFO] for 26880 functions
Ba 8.23
B1 27.17
B2 9.38
B3 4.91
B4 3.67

[INFO] Epoch 9: Train Loss: 2.109, 64.43 secs [Total 686.17 secs]
[INFO] for 26880 functions
Ba 8.6
B1 28.52
B2 9.82
B3 5.13
B4 3.81

[INFO] Epoch 10: Train Loss: 2.090, 65.05 secs [Total 763.90 secs]
[INFO] for 26880 functions
Ba 8.16
B1 27.26
B2 9.31
B3 4.85
B4 3.61

[INFO] Output Model to data_csn_voc1000_d100_c13_128_tdim_128_cdim_128_rdim_256_lr_0.001
