[INFO] [Setting] EXP: False
[INFO] [Setting] DEBUG: False
[INFO] [Setting] Method: att-gru
[INFO] [Setting] in_path: /mnt/data/data_csn_voc1000_d100_c13/standard_data.pkl
[INFO] [Setting] GPU id: 0
[INFO] [Setting] num_epochs: 10
[INFO] [Setting] batch_size: 128
[INFO] [Setting] code_dim: 128
[INFO] [Setting] sbt_dim: 128
[INFO] [Setting] summary_dim: 128
[INFO] [Setting] rnn_hidden_size: 256
[INFO] [Setting] lr: 0.001000
[INFO] [Setting] num_epochs: 10
[INFO] [Setting] num_subprocesses: 4
[INFO] [Setting] eval_frequency: 1
[INFO] [Setting] out_path: data_csn_voc1000_d100_c13_128_tdim_128_cdim_128_rdim_256_lr_0.001
[INFO] [Setting] device: cuda
[INFO] Finish Preparation 8.28 secs [Total 8.28 secs]
[INFO] code_vocab_size 1000, sbt_vocab_size -1, summary_vocab_size 1000
[INFO] train 454451, test 15328, valid 26909
[INFO] Epoch 1: Train Loss: 3.000, 164.35 secs [Total 172.63 secs]
[INFO] for 26880 functions
Ba 6.66
B1 22.04
B2 7.47
B3 3.95
B4 3.03

[INFO] Epoch 2: Train Loss: 2.485, 163.66 secs [Total 352.82 secs]
[INFO] for 26880 functions
Ba 7.86
B1 26.61
B2 9.11
B3 4.61
B4 3.42

[INFO] Epoch 3: Train Loss: 2.359, 157.39 secs [Total 527.60 secs]
[INFO] for 26880 functions
Ba 7.97
B1 24.28
B2 9.05
B3 4.95
B4 3.71

[INFO] Epoch 4: Train Loss: 2.287, 161.69 secs [Total 702.94 secs]
[INFO] for 26880 functions
Ba 8.61
B1 28.67
B2 9.98
B3 5.16
B4 3.72

[INFO] Epoch 5: Train Loss: 2.236, 164.86 secs [Total 885.66 secs]
[INFO] for 26880 functions
Ba 8.59
B1 27.73
B2 9.86
B3 5.23
B4 3.82

[INFO] Epoch 6: Train Loss: 2.199, 161.95 secs [Total 1065.99 secs]
[INFO] for 26880 functions
Ba 8.95
B1 28.96
B2 10.38
B3 5.45
B4 3.92

[INFO] Epoch 7: Train Loss: 2.169, 155.74 secs [Total 1241.37 secs]
[INFO] for 26880 functions
Ba 8.49
B1 28.09
B2 9.85
B3 5.1
B4 3.68

[INFO] Epoch 8: Train Loss: 2.145, 164.66 secs [Total 1422.70 secs]
[INFO] for 26880 functions
Ba 8.89
B1 29.37
B2 10.3
B3 5.37
B4 3.84

[INFO] Epoch 9: Train Loss: 2.125, 168.11 secs [Total 1609.43 secs]
[INFO] for 26880 functions
Ba 8.73
B1 28.21
B2 10.03
B3 5.35
B4 3.83

[INFO] Epoch 10: Train Loss: 2.108, 166.30 secs [Total 1794.30 secs]
[INFO] for 26880 functions
Ba 8.98
B1 29.59
B2 10.34
B3 5.44
B4 3.9

[INFO] Output Model to data_csn_voc1000_d100_c13_128_tdim_128_cdim_128_rdim_256_lr_0.001
