[INFO] [Setting] EXP: False
[INFO] [Setting] DEBUG: False
[INFO] [Setting] Method: att-gru
[INFO] [Setting] in_path: /mnt/data/data_csn_allvoc_d100_c13/standard_data.pkl
[INFO] [Setting] GPU id: 0
[INFO] [Setting] num_epochs: 10
[INFO] [Setting] batch_size: 256
[INFO] [Setting] code_dim: 256
[INFO] [Setting] sbt_dim: 1
[INFO] [Setting] summary_dim: 256
[INFO] [Setting] rnn_hidden_size: 256
[INFO] [Setting] lr: 0.001000
[INFO] [Setting] num_epochs: 10
[INFO] [Setting] num_subprocesses: 4
[INFO] [Setting] eval_frequency: 1
[INFO] [Setting] out_path: data_csn_voc1000_d100_c13_128_tdim_128_cdim_128_rdim_256_lr_0.001
[INFO] [Setting] device: cuda
[INFO] Finish Preparation 7.50 secs [Total 7.50 secs]
[INFO] code_vocab_size 103860, sbt_vocab_size -1, summary_vocab_size 41999
[INFO] train 454451, test 15328, valid 26909
[INFO] Epoch 1: Train Loss: 4.176, 309.89 secs [Total 317.39 secs]
[INFO] for 26880 functions
Ba 5.67
B1 21.08
B2 6.55
B3 3.2
B4 2.34

[INFO] Epoch 2: Train Loss: 3.212, 311.08 secs [Total 653.87 secs]
[INFO] for 26880 functions
Ba 6.07
B1 23.1
B2 7.27
B3 3.45
B4 2.35

[INFO] Epoch 3: Train Loss: 2.848, 310.45 secs [Total 990.10 secs]
[INFO] for 26880 functions
Ba 6.37
B1 24.4
B2 7.76
B3 3.62
B4 2.4

[INFO] Epoch 4: Train Loss: 2.625, 309.25 secs [Total 1324.68 secs]
[INFO] for 26880 functions
Ba 6.59
B1 24.28
B2 7.93
B3 3.83
B4 2.57

[INFO] Epoch 5: Train Loss: 2.471, 309.27 secs [Total 1659.23 secs]
[INFO] for 26880 functions
Ba 6.73
B1 24.54
B2 8.04
B3 3.92
B4 2.65

[INFO] Epoch 6: Train Loss: 2.361, 311.50 secs [Total 1996.00 secs]
[INFO] for 26880 functions
Ba 6.48
B1 24.23
B2 7.81
B3 3.74
B4 2.5

[INFO] Epoch 7: Train Loss: 2.274, 310.91 secs [Total 2332.56 secs]
[INFO] for 26880 functions
Ba 6.5
B1 24.61
B2 7.85
B3 3.73
B4 2.48

[INFO] Epoch 8: Train Loss: 2.203, 309.72 secs [Total 2667.50 secs]
[INFO] for 26880 functions
Ba 6.39
B1 24.25
B2 7.68
B3 3.64
B4 2.46

[INFO] Epoch 9: Train Loss: 2.141, 309.98 secs [Total 3002.74 secs]
[INFO] for 26880 functions
Ba 6.46
B1 24.3
B2 7.76
B3 3.7
B4 2.49

[INFO] Epoch 10: Train Loss: 2.086, 310.72 secs [Total 3339.09 secs]
[INFO] for 26880 functions
Ba 6.43
B1 24.28
B2 7.7
B3 3.68
B4 2.48

[INFO] Output Model to data_csn_voc1000_d100_c13_128_tdim_128_cdim_128_rdim_256_lr_0.001
