[INFO] [Setting] EXP: False
[INFO] [Setting] DEBUG: False
[INFO] [Setting] Method: att-gru
[INFO] [Setting] in_path: /mnt/data/data_csn_voc1000_d100_c13/standard_data.pkl
[INFO] [Setting] GPU id: 0
[INFO] [Setting] num_epochs: 10
[INFO] [Setting] batch_size: 256
[INFO] [Setting] code_dim: 128
[INFO] [Setting] sbt_dim: 1
[INFO] [Setting] summary_dim: 256
[INFO] [Setting] rnn_hidden_size: 256
[INFO] [Setting] lr: 0.001000
[INFO] [Setting] num_epochs: 10
[INFO] [Setting] num_subprocesses: 4
[INFO] [Setting] eval_frequency: 1
[INFO] [Setting] out_path: data_csn_voc1000_d100_c13_128_tdim_128_cdim_128_rdim_256_lr_0.001
[INFO] [Setting] device: cuda
[INFO] Finish Preparation 6.97 secs [Total 6.97 secs]
[INFO] code_vocab_size 1000, sbt_vocab_size -1, summary_vocab_size 1000
[INFO] train 454451, test 15328, valid 26909
[INFO] Epoch 1: Train Loss: 3.090, 62.25 secs [Total 69.21 secs]
[INFO] for 26880 functions
Ba 6.75
B1 23.38
B2 7.45
B3 3.87
B4 3.08

[INFO] Epoch 2: Train Loss: 2.517, 61.71 secs [Total 143.09 secs]
[INFO] for 26880 functions
Ba 7.59
B1 26.25
B2 8.65
B3 4.43
B4 3.3

[INFO] Epoch 3: Train Loss: 2.375, 62.22 secs [Total 218.25 secs]
[INFO] for 26880 functions
Ba 8.37
B1 29.09
B2 9.8
B3 4.91
B4 3.51

[INFO] Epoch 4: Train Loss: 2.295, 61.90 secs [Total 293.16 secs]
[INFO] for 26880 functions
Ba 8.5
B1 30.05
B2 9.9
B3 4.93
B4 3.56

[INFO] Epoch 5: Train Loss: 2.239, 61.63 secs [Total 367.98 secs]
[INFO] for 26880 functions
Ba 8.61
B1 29.51
B2 9.95
B3 5.09
B4 3.68

[INFO] Epoch 6: Train Loss: 2.197, 62.68 secs [Total 443.41 secs]
[INFO] for 26880 functions
Ba 8.63
B1 28.85
B2 9.95
B3 5.16
B4 3.75

[INFO] Epoch 7: Train Loss: 2.164, 61.87 secs [Total 518.81 secs]
[INFO] for 26880 functions
Ba 8.89
B1 30.26
B2 10.27
B3 5.27
B4 3.82

[INFO] Epoch 8: Train Loss: 2.136, 61.87 secs [Total 593.49 secs]
[INFO] for 26880 functions
Ba 8.67
B1 30.03
B2 10.11
B3 5.09
B4 3.65

[INFO] Epoch 9: Train Loss: 2.113, 62.06 secs [Total 668.81 secs]
[INFO] for 26880 functions
Ba 8.71
B1 29.85
B2 10.2
B3 5.15
B4 3.68

[INFO] Epoch 10: Train Loss: 2.093, 61.97 secs [Total 743.65 secs]
[INFO] for 26880 functions
Ba 8.4
B1 28.14
B2 9.61
B3 5.0
B4 3.68

[INFO] Output Model to data_csn_voc1000_d100_c13_128_tdim_128_cdim_128_rdim_256_lr_0.001
