[INFO] [Setting] EXP: False
[INFO] [Setting] DEBUG: False
[INFO] [Setting] Method: att-gru
[INFO] [Setting] in_path: /mnt/data/data_csn_voc1000_d100_c13/standard_data.pkl
[INFO] [Setting] GPU id: 0
[INFO] [Setting] num_epochs: 10
[INFO] [Setting] batch_size: 256
[INFO] [Setting] code_dim: 256
[INFO] [Setting] sbt_dim: 1
[INFO] [Setting] summary_dim: 256
[INFO] [Setting] rnn_hidden_size: 256
[INFO] [Setting] lr: 0.010000
[INFO] [Setting] num_epochs: 10
[INFO] [Setting] num_subprocesses: 4
[INFO] [Setting] eval_frequency: 1
[INFO] [Setting] out_path: data_csn_voc1000_d100_c13_128_tdim_128_cdim_128_rdim_256_lr_0.001
[INFO] [Setting] device: cuda
[INFO] Finish Preparation 7.02 secs [Total 7.02 secs]
[INFO] code_vocab_size 1000, sbt_vocab_size -1, summary_vocab_size 1000
[INFO] train 454451, test 15328, valid 26909
[INFO] Epoch 1: Train Loss: 3.199, 62.63 secs [Total 69.65 secs]
[INFO] for 26880 functions
Ba 5.14
B1 17.58
B2 5.24
B3 2.86
B4 2.65

[INFO] Epoch 2: Train Loss: 2.989, 63.00 secs [Total 144.44 secs]
[INFO] for 26880 functions
Ba 5.69
B1 18.37
B2 5.86
B3 3.36
B4 2.91

[INFO] Epoch 3: Train Loss: 2.976, 62.89 secs [Total 219.23 secs]
[INFO] for 26880 functions
Ba 5.49
B1 17.87
B2 5.74
B3 3.21
B4 2.77

[INFO] Epoch 4: Train Loss: 2.970, 62.75 secs [Total 293.48 secs]
[INFO] for 26880 functions
Ba 5.04
B1 16.3
B2 4.98
B3 2.94
B4 2.71

[INFO] Epoch 5: Train Loss: 2.973, 63.11 secs [Total 367.75 secs]
[INFO] for 26880 functions
Ba 4.87
B1 15.14
B2 4.75
B3 2.91
B4 2.69

[INFO] Epoch 6: Train Loss: 2.972, 63.13 secs [Total 441.81 secs]
[INFO] for 26880 functions
Ba 5.69
B1 19.62
B2 5.85
B3 3.19
B4 2.86

[INFO] Epoch 7: Train Loss: 2.971, 62.64 secs [Total 516.77 secs]
[INFO] for 26880 functions
Ba 4.96
B1 16.81
B2 4.97
B3 2.82
B4 2.56

[INFO] Epoch 8: Train Loss: 2.976, 62.52 secs [Total 590.49 secs]
[INFO] for 26880 functions
Ba 3.92
B1 12.27
B2 4.0
B3 2.31
B4 2.08

[INFO] Epoch 9: Train Loss: 2.980, 63.06 secs [Total 664.31 secs]
[INFO] for 26880 functions
Ba 2.47
B1 6.93
B2 2.48
B3 1.52
B4 1.41

[INFO] Epoch 10: Train Loss: 2.974, 62.95 secs [Total 737.34 secs]
[INFO] for 26880 functions
Ba 4.81
B1 15.44
B2 4.81
B3 2.82
B4 2.55

[INFO] Output Model to data_csn_voc1000_d100_c13_128_tdim_128_cdim_128_rdim_256_lr_0.001
