[INFO] [Setting] EXP: False
[INFO] [Setting] DEBUG: False
[INFO] [Setting] Method: att-gru
[INFO] [Setting] in_path: /mnt/data/data_csn_allvoc_d100_c13/standard_data.pkl
[INFO] [Setting] GPU id: 0
[INFO] [Setting] num_epochs: 10
[INFO] [Setting] batch_size: 256
[INFO] [Setting] code_dim: 128
[INFO] [Setting] sbt_dim: 1
[INFO] [Setting] summary_dim: 128
[INFO] [Setting] rnn_hidden_size: 256
[INFO] [Setting] lr: 0.001000
[INFO] [Setting] num_epochs: 10
[INFO] [Setting] num_subprocesses: 4
[INFO] [Setting] eval_frequency: 1
[INFO] [Setting] out_path: data_csn_voc1000_d100_c13_128_tdim_128_cdim_128_rdim_256_lr_0.001
[INFO] [Setting] device: cuda
[INFO] Finish Preparation 7.22 secs [Total 7.22 secs]
[INFO] code_vocab_size 103860, sbt_vocab_size -1, summary_vocab_size 41999
[INFO] train 454451, test 15328, valid 26909
[INFO] Epoch 1: Train Loss: 4.358, 303.20 secs [Total 310.41 secs]
[INFO] for 26880 functions
Ba 5.45
B1 20.49
B2 6.25
B3 3.02
B4 2.28

[INFO] Epoch 2: Train Loss: 3.377, 302.80 secs [Total 638.19 secs]
[INFO] for 26880 functions
Ba 6.59
B1 23.63
B2 7.75
B3 3.82
B4 2.69

[INFO] Epoch 3: Train Loss: 2.989, 303.91 secs [Total 967.22 secs]
[INFO] for 26880 functions
Ba 7.01
B1 25.21
B2 8.32
B3 4.09
B4 2.81

[INFO] Epoch 4: Train Loss: 2.756, 302.74 secs [Total 1294.37 secs]
[INFO] for 26880 functions
Ba 7.11
B1 25.26
B2 8.45
B3 4.19
B4 2.86

[INFO] Epoch 5: Train Loss: 2.596, 302.75 secs [Total 1621.72 secs]
[INFO] for 26880 functions
Ba 7.01
B1 25.12
B2 8.4
B3 4.12
B4 2.78

[INFO] Epoch 6: Train Loss: 2.480, 303.49 secs [Total 1949.87 secs]
[INFO] for 26880 functions
Ba 6.99
B1 24.77
B2 8.28
B3 4.13
B4 2.82

[INFO] Epoch 7: Train Loss: 2.393, 302.91 secs [Total 2278.37 secs]
[INFO] for 26880 functions
Ba 6.79
B1 24.3
B2 8.01
B3 4.0
B4 2.73

[INFO] Epoch 8: Train Loss: 2.322, 302.97 secs [Total 2606.30 secs]
[INFO] for 26880 functions
Ba 6.88
B1 24.65
B2 8.21
B3 4.06
B4 2.72

[INFO] Epoch 9: Train Loss: 2.261, 303.20 secs [Total 2934.62 secs]
[INFO] for 26880 functions
Ba 6.86
B1 24.6
B2 8.1
B3 4.04
B4 2.75

[INFO] Epoch 10: Train Loss: 2.209, 303.00 secs [Total 3262.48 secs]
[INFO] for 26880 functions
Ba 6.92
B1 24.71
B2 8.16
B3 4.08
B4 2.78

[INFO] Output Model to data_csn_voc1000_d100_c13_128_tdim_128_cdim_128_rdim_256_lr_0.001
